{"name": "Verify that user can click on 'Connect the company' on the left side of the main page", "status": "broken", "statusDetails": {"message": "selenium.common.exceptions.TimeoutException: Message: Url does not contain book-presentation\n\n", "trace": "  File \"C:\\Users\\Owner\\Desktop\\internship-project\\venv\\Lib\\site-packages\\behave\\model.py\", line 1329, in run\n    match.run(runner.context)\n  File \"C:\\Users\\Owner\\Desktop\\internship-project\\venv\\Lib\\site-packages\\behave\\matchers.py\", line 98, in run\n    self.func(context, *args, **kwargs)\n  File \"features\\steps\\book_presentation_page_steps.py\", line 9, in verify_search_page_url\n    context.app.book_presentation_page.verify_partial_url(partial_url)\n  File \"C:\\Users\\Owner\\Desktop\\internship-project\\pages\\base_page.py\", line 70, in verify_partial_url\n    self.wait.until(EC.url_contains(expected_partial_url), message=f'Url does not contain {expected_partial_url}')\n  File \"C:\\Users\\Owner\\Desktop\\internship-project\\venv\\Lib\\site-packages\\selenium\\webdriver\\support\\wait.py\", line 105, in until\n    raise TimeoutException(message, screen, stacktrace)\n"}, "steps": [{"name": "Given Open Reelly main page", "status": "passed", "start": 1717775599900, "stop": 1717775602650}, {"name": "When Input user email and password and sign in", "status": "passed", "start": 1717775602650, "stop": 1717775613469}, {"name": "And Click on Connect the company", "status": "passed", "start": 1717775613469, "stop": 1717775623942}, {"name": "And Switch to new window", "status": "passed", "start": 1717775623942, "stop": 1717775629183}, {"name": "Then Verify that url has book-presentation", "status": "broken", "statusDetails": {"message": "selenium.common.exceptions.TimeoutException: Message: Url does not contain book-presentation\n\n", "trace": "  File \"C:\\Users\\Owner\\Desktop\\internship-project\\venv\\Lib\\site-packages\\behave\\model.py\", line 1329, in run\n    match.run(runner.context)\n  File \"C:\\Users\\Owner\\Desktop\\internship-project\\venv\\Lib\\site-packages\\behave\\matchers.py\", line 98, in run\n    self.func(context, *args, **kwargs)\n  File \"features\\steps\\book_presentation_page_steps.py\", line 9, in verify_search_page_url\n    context.app.book_presentation_page.verify_partial_url(partial_url)\n  File \"C:\\Users\\Owner\\Desktop\\internship-project\\pages\\base_page.py\", line 70, in verify_partial_url\n    self.wait.until(EC.url_contains(expected_partial_url), message=f'Url does not contain {expected_partial_url}')\n  File \"C:\\Users\\Owner\\Desktop\\internship-project\\venv\\Lib\\site-packages\\selenium\\webdriver\\support\\wait.py\", line 105, in until\n    raise TimeoutException(message, screen, stacktrace)\n"}, "start": 1717775629183, "stop": 1717775639389}], "start": 1717775594274, "stop": 1717775640178, "uuid": "97ede848-de39-43db-8e82-3add039093ab", "historyId": "ab629e6fc1d948250e15968d3a53ee23", "fullName": "Test scenarios for main page functionality: Verify that user can click on 'Connect the company' on the left side of the main page", "labels": [{"name": "severity", "value": "normal"}, {"name": "feature", "value": "Test scenarios for main page functionality"}, {"name": "framework", "value": "behave"}, {"name": "language", "value": "cpython3"}]}